  main.cpp
main.cpp(239): warning C4996: 'gethostbyname': Use getaddrinfo() or GetAddrInfoW() instead or define _WINSOCK_DEPRECATED_NO_WARNINGS to disable deprecated API warnings
  C:\Program Files (x86)\Windows Kits\10\Include\10.0.15063.0\um\winsock2.h(2218): note: voir la déclaration de 'gethostbyname'
main.cpp(241): warning C4996: 'inet_ntoa': Use inet_ntop() or InetNtop() instead or define _WINSOCK_DEPRECATED_NO_WARNINGS to disable deprecated API warnings
  C:\Program Files (x86)\Windows Kits\10\Include\10.0.15063.0\um\winsock2.h(1848): note: voir la déclaration de 'inet_ntoa'
main.cpp(245): warning C4996: 'inet_addr': Use inet_pton() or InetPton() instead or define _WINSOCK_DEPRECATED_NO_WARNINGS to disable deprecated API warnings
  C:\Program Files (x86)\Windows Kits\10\Include\10.0.15063.0\um\winsock2.h(1830): note: voir la déclaration de 'inet_addr'
main.cpp(274): warning C4996: 'inet_ntoa': Use inet_ntop() or InetNtop() instead or define _WINSOCK_DEPRECATED_NO_WARNINGS to disable deprecated API warnings
  C:\Program Files (x86)\Windows Kits\10\Include\10.0.15063.0\um\winsock2.h(1848): note: voir la déclaration de 'inet_ntoa'
main.cpp(218): warning C4101: 'serverService' : variable locale non référencée
main.cpp(338): warning C4996: 'strcpy': This function or variable may be unsafe. Consider using strcpy_s instead. To disable deprecation, use _CRT_SECURE_NO_WARNINGS. See online help for details.
  C:\Program Files (x86)\Windows Kits\10\Include\10.0.15063.0\ucrt\string.h(136): note: voir la déclaration de 'strcpy'
main.cpp(347): warning C4996: 'strcpy': This function or variable may be unsafe. Consider using strcpy_s instead. To disable deprecation, use _CRT_SECURE_NO_WARNINGS. See online help for details.
  C:\Program Files (x86)\Windows Kits\10\Include\10.0.15063.0\ucrt\string.h(136): note: voir la déclaration de 'strcpy'
main.cpp(356): warning C4996: 'strcpy': This function or variable may be unsafe. Consider using strcpy_s instead. To disable deprecation, use _CRT_SECURE_NO_WARNINGS. See online help for details.
  C:\Program Files (x86)\Windows Kits\10\Include\10.0.15063.0\ucrt\string.h(136): note: voir la déclaration de 'strcpy'
main.cpp(389): warning C4018: '<' : incompatibilité signed/unsigned
main.cpp(392): warning C4996: 'strcpy': This function or variable may be unsafe. Consider using strcpy_s instead. To disable deprecation, use _CRT_SECURE_NO_WARNINGS. See online help for details.
  C:\Program Files (x86)\Windows Kits\10\Include\10.0.15063.0\ucrt\string.h(136): note: voir la déclaration de 'strcpy'
main.cpp(409): warning C4018: '<' : incompatibilité signed/unsigned
main.cpp(420): warning C4996: 'localtime': This function or variable may be unsafe. Consider using localtime_s instead. To disable deprecation, use _CRT_SECURE_NO_WARNINGS. See online help for details.
  C:\Program Files (x86)\Windows Kits\10\Include\10.0.15063.0\ucrt\time.h(505): note: voir la déclaration de 'localtime'
  Génération de code en cours
  3 of 411 functions ( 0.7%) were compiled, the rest were copied from previous compilation.
    0 functions were new in current compilation
    16 functions had inline decision re-evaluated but remain unchanged
  Fin de la génération du code
  Lab3Serveur_H2012.vcxproj -> X:\Bureau\lab4-master\INF3405-TP4\lab4-master\Lab3_Code_Source\Lab3Serveur\Release\Lab3Serveur_A2012.exe
  Lab3Serveur_H2012.vcxproj -> X:\Bureau\lab4-master\INF3405-TP4\lab4-master\Lab3_Code_Source\Lab3Serveur\Release\Lab3Serveur_A2012.pdb (Full PDB)
